reboot   system boot  4.15.0-88-generi Fri Mar  6 10:19 - 10:28  (00:09)
reboot system boot 4.15.0-88-generi Fri Mar 6 10:29 - 10:44 (00:14)
reboot system boot 4.15.0-88-generi Fri Mar 6 10:45 - 10:56 (00:11)
reboot system boot 4.15.0-88-generi Fri Mar 6 10:57 - 11:15 (00:17)
reboot system boot 4.15.0-88-generi Fri Mar 6 10:57 - 11:15 (00:17)
reboot system boot 4.15.0-88-generi Fri Mar 6 11:34 - 11:45 (00:11)
reboot system boot 4.15.0-88-generi Fri Mar 6 11:45 - 13:39 (01:54)
reboot system boot 4.15.0-88-generi Fri Mar 6 13:40 still running
reboot system boot 4.15.0-88-generi Fri Mar 6 13:45 still running
reboot system boot 4.15.0-88-generi Fri Mar 6 13:56 still running
reboot system boot 4.15.0-88-generi Fri Mar 6 14:03 - 14:52 (00:48)
reboot system boot 4.15.0-88-generi Fri Mar 6 14:53 - 14:59 (00:06)
reboot system boot 4.15.0-88-generi Fri Mar 6 15:00 - 15:01 (00:00)
reboot system boot 4.15.0-88-generi Fri Mar 6 15:01 - 15:03 (00:02)
reboot system boot 4.15.0-88-generi Fri Mar 6 16:08 - 19:23 (03:14)
reboot system boot 4.15.0-88-generi Fri Mar 6 19:35 - 19:39 (00:04)
reboot system boot 4.15.0-88-generi Mon Mar 9 10:42 - 10:49 (00:07)
reboot system boot 4.15.0-88-generi Mon Mar 9 12:38 - 12:49 (00:10)
reboot system boot 4.15.0-88-generi Mon Mar 9 16:01 - 17:58 (3+01:56)
reboot system boot 4.15.0-88-generi Thu Mar 12 18:13 - 18:28 (00:14)
reboot system boot 4.15.0-88-generi Thu Mar 12 18:28 - 18:29 (00:00)
reboot system boot 4.15.0-88-generi Fri Mar 13 10:19 - 10:24 (00:04)
reboot system boot 4.15.0-88-generi Fri Mar 13 10:25 - 10:26 (00:01)
reboot system boot 4.15.0-88-generi Fri Mar 13 10:33 - 10:34 (00:00)
reboot system boot 4.15.0-88-generi Fri Mar 13 10:35 - 10:38 (00:02)
reboot system boot 4.15.0-88-generi Fri Mar 13 10:38 - 11:05 (00:26)
reboot system boot 4.15.0-88-generi Fri Mar 13 11:14 - 11:22 (00:07)
reboot system boot 4.15.0-88-generi Fri Mar 13 11:23 - 11:26 (00:03)
reboot system boot 4.15.0-88-generi Fri Mar 13 11:26 - 11:28 (00:01)
reboot system boot 4.15.0-88-generi Fri Mar 13 11:32 - 17:55 (06:23)
reboot system boot 4.15.0-88-generi Fri Mar 13 18:14 - 19:31 (01:17)
